# JRE version: OpenJDK Runtime Environment Temurin-18.0.1+10 (18.0.1+10) (build 18.0.1+10)
# Java VM: OpenJDK 64-Bit Server VM Temurin-18.0.1+10 (18.0.1+10, mixed mode, emulated-client, tiered, compressed oops, compressed class ptrs, g1 gc, bsd-amd64)
GC Precious Log:
 CardTable entry size: 512
 Card Set container configuration: InlinePtr #cards 4 size 8 Array Of Cards #cards 16 size 48 Howl #buckets 8 coarsen threshold 3686 Howl Bitmap #cards 512 size 80 coarsen threshold 460 Card regions per heap region 1 cards per card region 4096
 CPUs: 8 total, 8 available
 Memory: 16384M
 Large Page Support: Disabled
 NUMA Support: Disabled
 Compressed Oops: Enabled (Zero based)
 Heap Region Size: 2M
 Heap Min Capacity: 8M
 Heap Initial Capacity: 256M
 Heap Max Capacity: 4G
 Pre-touch: Disabled
 Parallel Workers: 8
 Concurrent Workers: 2
 Concurrent Refinement Workers: 8
 Periodic GC: Disabled
Heap:
 garbage-first heap   total 49152K, used 29258K [0x0000000700000000, 0x0000000800000000)
  region size 2048K, 9 young (18432K), 0 survivors (0K)
 Metaspace       used 40376K, committed 40896K, reserved 1114112K
  class space    used 4831K, committed 5056K, reserved 1048576K
GC Heap History (20 events):
Event: 774.278 GC heap before
{Heap before GC invocations=18 (full 3):
 garbage-first heap   total 49152K, used 31983K [0x0000000700000000, 0x0000000800000000)
  region size 2048K, 11 young (22528K), 0 survivors (0K)
 Metaspace       used 40409K, committed 40896K, reserved 1114112K
  class space    used 4841K, committed 5056K, reserved 1048576K
}
Event: 774.281 GC heap after
{Heap after GC invocations=19 (full 3):
 garbage-first heap   total 49152K, used 14808K [0x0000000700000000, 0x0000000800000000)
  region size 2048K, 2 young (4096K), 2 survivors (4096K)
 Metaspace       used 40409K, committed 40896K, reserved 1114112K
  class space    used 4841K, committed 5056K, reserved 1048576K
}
Event: 838.309 GC heap before
{Heap before GC invocations=19 (full 3):
 garbage-first heap   total 49152K, used 18904K [0x0000000700000000, 0x0000000800000000)
  region size 2048K, 5 young (10240K), 2 survivors (4096K)
 Metaspace       used 40440K, committed 40896K, reserved 1114112K
  class space    used 4847K, committed 5056K, reserved 1048576K
}
Event: 838.368 GC heap after
{Heap after GC invocations=20 (full 4):
 garbage-first heap   total 49152K, used 12697K [0x0000000700000000, 0x0000000800000000)
  region size 2048K, 0 young (0K), 0 survivors (0K)
 Metaspace       used 40369K, committed 40896K, reserved 1114112K
  class space    used 4832K, committed 5056K, reserved 1048576K
}
Event: 838.722 GC heap before
{Heap before GC invocations=20 (full 4):
 garbage-first heap   total 49152K, used 33177K [0x0000000700000000, 0x0000000800000000)
  region size 2048K, 10 young (20480K), 0 survivors (0K)
 Metaspace       used 40415K, committed 40896K, reserved 1114112K
  class space    used 4842K, committed 5056K, reserved 1048576K
}
Event: 838.725 GC heap after
{Heap after GC invocations=21 (full 4):
 garbage-first heap   total 49152K, used 15095K [0x0000000700000000, 0x0000000800000000)
  region size 2048K, 2 young (4096K), 2 survivors (4096K)
 Metaspace       used 40415K, committed 40896K, reserved 1114112K
  class space    used 4842K, committed 5056K, reserved 1048576K
}
Event: 860.383 GC heap before
{Heap before GC invocations=21 (full 4):
 garbage-first heap   total 49152K, used 17143K [0x0000000700000000, 0x0000000800000000)
  region size 2048K, 4 young (8192K), 2 survivors (4096K)
 Metaspace       used 40418K, committed 40896K, reserved 1114112K
  class space    used 4842K, committed 5056K, reserved 1048576K
}
Event: 860.443 GC heap after
{Heap after GC invocations=22 (full 5):
 garbage-first heap   total 49152K, used 12710K [0x0000000700000000, 0x0000000800000000)
  region size 2048K, 0 young (0K), 0 survivors (0K)
 Metaspace       used 40314K, committed 40896K, reserved 1114112K
  class space    used 4818K, committed 5056K, reserved 1048576K
}
Event: 860.909 GC heap before
{Heap before GC invocations=22 (full 5):
 garbage-first heap   total 49152K, used 33190K [0x0000000700000000, 0x0000000800000000)
  region size 2048K, 10 young (20480K), 0 survivors (0K)
 Metaspace       used 40355K, committed 40896K, reserved 1114112K
  class space    used 4826K, committed 5056K, reserved 1048576K
}
Event: 860.910 GC heap after
{Heap after GC invocations=23 (full 5):
 garbage-first heap   total 49152K, used 14983K [0x0000000700000000, 0x0000000800000000)
  region size 2048K, 2 young (4096K), 2 survivors (4096K)
 Metaspace       used 40355K, committed 40896K, reserved 1114112K
  class space    used 4826K, committed 5056K, reserved 1048576K
}
Event: 884.582 GC heap before
{Heap before GC invocations=23 (full 5):
 garbage-first heap   total 49152K, used 17031K [0x0000000700000000, 0x0000000800000000)
  region size 2048K, 4 young (8192K), 2 survivors (4096K)
 Metaspace       used 40360K, committed 40896K, reserved 1114112K
  class space    used 4827K, committed 5056K, reserved 1048576K
}
Event: 884.633 GC heap after
{Heap after GC invocations=24 (full 6):
 garbage-first heap   total 49152K, used 12710K [0x0000000700000000, 0x0000000800000000)
  region size 2048K, 0 young (0K), 0 survivors (0K)
 Metaspace       used 40357K, committed 40896K, reserved 1114112K
  class space    used 4827K, committed 5056K, reserved 1048576K
}
Event: 884.890 GC heap before
{Heap before GC invocations=24 (full 6):
 garbage-first heap   total 49152K, used 33190K [0x0000000700000000, 0x0000000800000000)
  region size 2048K, 10 young (20480K), 0 survivors (0K)
 Metaspace       used 40392K, committed 40896K, reserved 1114112K
  class space    used 4833K, committed 5056K, reserved 1048576K
}
Event: 884.892 GC heap after
{Heap after GC invocations=25 (full 6):
 garbage-first heap   total 49152K, used 14916K [0x0000000700000000, 0x0000000800000000)
  region size 2048K, 2 young (4096K), 2 survivors (4096K)
 Metaspace       used 40392K, committed 40896K, reserved 1114112K
  class space    used 4833K, committed 5056K, reserved 1048576K
}
Event: 1097.264 GC heap before
{Heap before GC invocations=25 (full 6):
 garbage-first heap   total 49152K, used 21060K [0x0000000700000000, 0x0000000800000000)
  region size 2048K, 6 young (12288K), 2 survivors (4096K)
 Metaspace       used 40399K, committed 40896K, reserved 1114112K
  class space    used 4835K, committed 5056K, reserved 1048576K
}
Event: 1097.356 GC heap after
{Heap after GC invocations=26 (full 7):
 garbage-first heap   total 49152K, used 12723K [0x0000000700000000, 0x0000000800000000)
  region size 2048K, 0 young (0K), 0 survivors (0K)
 Metaspace       used 40396K, committed 40896K, reserved 1114112K
  class space    used 4834K, committed 5056K, reserved 1048576K
}
Event: 1097.819 GC heap before
{Heap before GC invocations=26 (full 7):
 garbage-first heap   total 49152K, used 33203K [0x0000000700000000, 0x0000000800000000)
  region size 2048K, 10 young (20480K), 0 survivors (0K)
 Metaspace       used 40437K, committed 40896K, reserved 1114112K
  class space    used 4842K, committed 5056K, reserved 1048576K
}
Event: 1097.821 GC heap after
{Heap after GC invocations=27 (full 7):
 garbage-first heap   total 49152K, used 14977K [0x0000000700000000, 0x0000000800000000)
  region size 2048K, 2 young (4096K), 2 survivors (4096K)
 Metaspace       used 40437K, committed 40896K, reserved 1114112K
  class space    used 4842K, committed 5056K, reserved 1048576K
}
Event: 1253.667 GC heap before
{Heap before GC invocations=27 (full 7):
 garbage-first heap   total 49152K, used 21121K [0x0000000700000000, 0x0000000800000000)
  region size 2048K, 6 young (12288K), 2 survivors (4096K)
 Metaspace       used 40440K, committed 40896K, reserved 1114112K
  class space    used 4843K, committed 5056K, reserved 1048576K
}
Event: 1253.745 GC heap after
{Heap after GC invocations=28 (full 8):
 garbage-first heap   total 49152K, used 12874K [0x0000000700000000, 0x0000000800000000)
  region size 2048K, 0 young (0K), 0 survivors (0K)
 Metaspace       used 40340K, committed 40896K, reserved 1114112K
  class space    used 4824K, committed 5056K, reserved 1048576K
}

